<?xml version="1.0" encoding="UTF-8"?>
<testng-results ignored="0" total="1" passed="1" failed="0" skipped="0">
  <reporter-output>
  </reporter-output>
  <suite started-at="2023-11-05T01:08:24 EST" name="Default suite" finished-at="2023-11-05T01:08:31 EST" duration-ms="6520">
    <groups>
    </groups>
    <test started-at="2023-11-05T01:08:24 EST" name="Default test" finished-at="2023-11-05T01:08:31 EST" duration-ms="6520">
      <class name="tutorial_Ninja.TN_LOGIN">
        <test-method signature="loginTNTest()[pri:0, instance:tutorial_Ninja.TN_LOGIN@1ed6388a]" started-at="2023-11-05T01:08:24 EST" name="loginTNTest" finished-at="2023-11-05T01:08:30 EST" duration-ms="6348" status="PASS">
          <reporter-output>
          </reporter-output>
        </test-method> <!-- loginTNTest -->
        <test-method is-config="true" signature="tearDown()[pri:0, instance:tutorial_Ninja.TN_LOGIN@1ed6388a]" started-at="2023-11-05T01:08:30 EST" name="tearDown" finished-at="2023-11-05T01:08:31 EST" duration-ms="130" status="PASS">
          <reporter-output>
          </reporter-output>
        </test-method> <!-- tearDown -->
      </class> <!-- tutorial_Ninja.TN_LOGIN -->
    </test> <!-- Default test -->
  </suite> <!-- Default suite -->
</testng-results>
